This file contains any messages produced by compilers while
running configure, to aid debugging if configure makes a mistake.

It was created by gphoto2 command line interface configure 2.4.11, which was
generated by GNU Autoconf 2.68.  Invocation command line was

  $ ./configure --host=x86_64 i586

## --------- ##
## Platform. ##
## --------- ##

hostname = ubuntu
uname -m = x86_64
uname -r = 3.13.0-48-generic
uname -s = Linux
uname -v = #80~precise1-Ubuntu SMP Thu Mar 12 19:30:15 UTC 2015

/usr/bin/uname -p = unknown
/bin/uname -X     = unknown

/bin/arch              = unknown
/usr/bin/arch -k       = unknown
/usr/convex/getsysinfo = unknown
/usr/bin/hostinfo      = unknown
/bin/machine           = unknown
/usr/bin/oslevel       = unknown
/bin/universe          = unknown

PATH: /home/byoakum/galileo/meta-clanton_v1.1.0-dirty/scripts
PATH: /home/byoakum/galileo/meta-clanton_v1.1.0-dirty/bitbake/bin
PATH: /usr/lib/lightdm/lightdm
PATH: /usr/local/sbin
PATH: /usr/local/bin
PATH: /usr/sbin
PATH: /usr/bin
PATH: /sbin
PATH: /bin
PATH: /usr/games


## ----------- ##
## Core tests. ##
## ----------- ##

configure:2478: checking for a BSD-compatible install
configure:2546: result: /usr/bin/install -c
configure:2557: checking whether build environment is sane
configure:2607: result: yes
configure:2656: checking for x86_64-strip
configure:2686: result: no
configure:2696: checking for strip
configure:2712: found /usr/bin/strip
configure:2723: result: strip
configure:2735: WARNING: using cross tools not prefixed with host triplet
configure:2748: checking for a thread-safe mkdir -p
configure:2787: result: /bin/mkdir -p
configure:2800: checking for gawk
configure:2816: found /usr/bin/gawk
configure:2827: result: gawk
configure:2838: checking whether make sets $(MAKE)
configure:2860: result: yes
configure:2965: checking for POSIX sh $() command substitution
configure:2969: result: yes
configure:3032: checking for x86_64-gcc
configure:3062: result: no
configure:3072: checking for gcc
configure:3088: found /usr/bin/gcc
configure:3099: result: gcc
configure:3328: checking for C compiler version
configure:3337: gcc --version >&5
gcc (Ubuntu/Linaro 4.6.3-1ubuntu5) 4.6.3
Copyright (C) 2011 Free Software Foundation, Inc.
This is free software; see the source for copying conditions.  There is NO
warranty; not even for MERCHANTABILITY or FITNESS FOR A PARTICULAR PURPOSE.

configure:3348: $? = 0
configure:3337: gcc -v >&5
Using built-in specs.
COLLECT_GCC=gcc
COLLECT_LTO_WRAPPER=/usr/lib/gcc/x86_64-linux-gnu/4.6/lto-wrapper
Target: x86_64-linux-gnu
Configured with: ../src/configure -v --with-pkgversion='Ubuntu/Linaro 4.6.3-1ubuntu5' --with-bugurl=file:///usr/share/doc/gcc-4.6/README.Bugs --enable-languages=c,c++,fortran,objc,obj-c++ --prefix=/usr --program-suffix=-4.6 --enable-shared --enable-linker-build-id --with-system-zlib --libexecdir=/usr/lib --without-included-gettext --enable-threads=posix --with-gxx-include-dir=/usr/include/c++/4.6 --libdir=/usr/lib --enable-nls --with-sysroot=/ --enable-clocale=gnu --enable-libstdcxx-debug --enable-libstdcxx-time=yes --enable-gnu-unique-object --enable-plugin --enable-objc-gc --disable-werror --with-arch-32=i686 --with-tune=generic --enable-checking=release --build=x86_64-linux-gnu --host=x86_64-linux-gnu --target=x86_64-linux-gnu
Thread model: posix
gcc version 4.6.3 (Ubuntu/Linaro 4.6.3-1ubuntu5) 
configure:3348: $? = 0
configure:3337: gcc -V >&5
gcc: error: unrecognized option '-V'
gcc: fatal error: no input files
compilation terminated.
configure:3348: $? = 4
configure:3337: gcc -qversion >&5
gcc: error: unrecognized option '-qversion'
gcc: fatal error: no input files
compilation terminated.
configure:3348: $? = 4
configure:3368: checking whether the C compiler works
configure:3390: gcc    conftest.c  >&5
configure:3394: $? = 0
configure:3442: result: yes
configure:3445: checking for C compiler default output file name
configure:3447: result: a.out
configure:3453: checking for suffix of executables
configure:3460: gcc -o conftest    conftest.c  >&5
configure:3464: $? = 0
configure:3486: result: 
configure:3508: checking whether we are cross compiling
configure:3546: result: yes
configure:3551: checking for suffix of object files
configure:3573: gcc -c   conftest.c >&5
configure:3577: $? = 0
configure:3598: result: o
configure:3602: checking whether we are using the GNU C compiler
configure:3621: gcc -c   conftest.c >&5
configure:3621: $? = 0
configure:3630: result: yes
configure:3639: checking whether gcc accepts -g
configure:3659: gcc -c -g  conftest.c >&5
configure:3659: $? = 0
configure:3700: result: yes
configure:3717: checking for gcc option to accept ISO C89
configure:3781: gcc  -c -g -O2  conftest.c >&5
configure:3781: $? = 0
configure:3794: result: none needed
configure:3825: checking for style of include used by make
configure:3853: result: GNU
configure:3878: checking dependency style of gcc
configure:3988: result: gcc3
configure:4008: checking how to run the C preprocessor
configure:4039: gcc -E  conftest.c
configure:4039: $? = 0
configure:4053: gcc -E  conftest.c
conftest.c:11:28: fatal error: ac_nonexistent.h: No such file or directory
compilation terminated.
configure:4053: $? = 1
configure: failed program was:
| /* confdefs.h */
| #define PACKAGE_NAME "gphoto2 command line interface"
| #define PACKAGE_TARNAME "gphoto2"
| #define PACKAGE_VERSION "2.4.11"
| #define PACKAGE_STRING "gphoto2 command line interface 2.4.11"
| #define PACKAGE_BUGREPORT "gphoto-devel@lists.sourceforge.net"
| #define PACKAGE_URL ""
| #define PACKAGE "gphoto2"
| #define VERSION "2.4.11"
| /* end confdefs.h.  */
| #include <ac_nonexistent.h>
configure:4078: result: gcc -E
configure:4098: gcc -E  conftest.c
configure:4098: $? = 0
configure:4112: gcc -E  conftest.c
conftest.c:11:28: fatal error: ac_nonexistent.h: No such file or directory
compilation terminated.
configure:4112: $? = 1
configure: failed program was:
| /* confdefs.h */
| #define PACKAGE_NAME "gphoto2 command line interface"
| #define PACKAGE_TARNAME "gphoto2"
| #define PACKAGE_VERSION "2.4.11"
| #define PACKAGE_STRING "gphoto2 command line interface 2.4.11"
| #define PACKAGE_BUGREPORT "gphoto-devel@lists.sourceforge.net"
| #define PACKAGE_URL ""
| #define PACKAGE "gphoto2"
| #define VERSION "2.4.11"
| /* end confdefs.h.  */
| #include <ac_nonexistent.h>
configure:4141: checking whether gcc and cc understand -c and -o together
configure:4172: gcc -c conftest.c -o conftest2.o >&5
configure:4176: $? = 0
configure:4182: gcc -c conftest.c -o conftest2.o >&5
configure:4186: $? = 0
configure:4197: cc -c conftest.c >&5
configure:4201: $? = 0
configure:4209: cc -c conftest.c -o conftest2.o >&5
configure:4213: $? = 0
configure:4219: cc -c conftest.c -o conftest2.o >&5
configure:4223: $? = 0
configure:4241: result: yes
configure:4295: checking build system type
configure:4309: result: i586-pc-none
configure:4329: checking host system type
configure:4342: result: x86_64-pc-none
configure:4362: checking for a sed that does not truncate output
configure:4426: result: /bin/sed
configure:4444: checking for grep that handles long lines and -e
configure:4502: result: /bin/grep
configure:4507: checking for egrep
configure:4569: result: /bin/grep -E
configure:4574: checking for fgrep
configure:4636: result: /bin/grep -F
configure:4671: checking for ld used by gcc
configure:4738: result: /usr/bin/ld
configure:4745: checking if the linker (/usr/bin/ld) is GNU ld
configure:4760: result: yes
configure:4772: checking for BSD- or MS-compatible name lister (nm)
configure:4821: result: no
configure:4832: checking for x86_64-dumpbin
configure:4862: result: no
configure:4832: checking for x86_64-link
configure:4862: result: no
configure:4876: checking for dumpbin
configure:4906: result: no
configure:4876: checking for link
configure:4892: found /usr/bin/link
configure:4903: result: link -dump -symbols
configure:4939: checking the name lister (link -dump -symbols) interface
configure:4946: gcc -c -g -O2  conftest.c >&5
configure:4949: link -dump -symbols "conftest.o"
link: invalid option -- 'd'
Try `link --help' for more information.
configure:4952: output
configure:4959: result: BSD nm
configure:4962: checking whether ln -s works
configure:4966: result: yes
configure:4974: checking the maximum length of command line arguments
configure:5094: result: 1572864
configure:5111: checking whether the shell understands some XSI constructs
configure:5121: result: yes
configure:5125: checking whether the shell understands "+="
configure:5131: result: yes
configure:5166: checking for /usr/bin/ld option to reload object files
configure:5173: result: -r
configure:5202: checking for x86_64-objdump
configure:5232: result: no
configure:5242: checking for objdump
configure:5258: found /usr/bin/objdump
configure:5269: result: objdump
configure:5301: checking how to recognize dependent libraries
configure:5497: result: unknown
configure:5517: checking for x86_64-ar
configure:5547: result: no
configure:5557: checking for ar
configure:5573: found /usr/bin/ar
configure:5584: result: ar
configure:5622: checking for x86_64-strip
configure:5649: result: strip
configure:5721: checking for x86_64-ranlib
configure:5751: result: no
configure:5761: checking for ranlib
configure:5777: found /usr/bin/ranlib
configure:5788: result: ranlib
configure:5878: checking command to parse link -dump -symbols output from gcc object
configure:5996: gcc -c -g -O2  conftest.c >&5
configure:5999: $? = 0
configure:6003: link -dump -symbols conftest.o \| sed -n -e 's/^.*[	 ]\([BCDEGRST][BCDEGRST]*\)[	 ][	 ]*\([_A-Za-z][_A-Za-z0-9]*\)$/\1 \2 \2/p' \> conftest.nm
link: invalid option -- 'd'
Try `link --help' for more information.
configure:6006: $? = 0
cannot run sed -n -e 's/^.*[	 ]\([BCDEGRST][BCDEGRST]*\)[	 ][	 ]*\([_A-Za-z][_A-Za-z0-9]*\)$/\1 \2 \2/p'
configure:5996: gcc -c -g -O2  conftest.c >&5
configure:5999: $? = 0
configure:6003: link -dump -symbols conftest.o \| sed -n -e 's/^.*[	 ]\([BCDEGRST][BCDEGRST]*\)[	 ][	 ]*_\([_A-Za-z][_A-Za-z0-9]*\)$/\1 _\2 \2/p' \> conftest.nm
link: invalid option -- 'd'
Try `link --help' for more information.
configure:6006: $? = 0
cannot run sed -n -e 's/^.*[	 ]\([BCDEGRST][BCDEGRST]*\)[	 ][	 ]*_\([_A-Za-z][_A-Za-z0-9]*\)$/\1 _\2 \2/p'
configure:6098: result: failed
configure:6906: checking for ANSI C header files
configure:6926: gcc -c -g -O2  conftest.c >&5
configure:6926: $? = 0
configure:7010: result: yes
configure:7023: checking for sys/types.h
configure:7023: gcc -c -g -O2  conftest.c >&5
configure:7023: $? = 0
configure:7023: result: yes
configure:7023: checking for sys/stat.h
configure:7023: gcc -c -g -O2  conftest.c >&5
configure:7023: $? = 0
configure:7023: result: yes
configure:7023: checking for stdlib.h
configure:7023: gcc -c -g -O2  conftest.c >&5
configure:7023: $? = 0
configure:7023: result: yes
configure:7023: checking for string.h
configure:7023: gcc -c -g -O2  conftest.c >&5
configure:7023: $? = 0
configure:7023: result: yes
configure:7023: checking for memory.h
configure:7023: gcc -c -g -O2  conftest.c >&5
configure:7023: $? = 0
configure:7023: result: yes
configure:7023: checking for strings.h
configure:7023: gcc -c -g -O2  conftest.c >&5
configure:7023: $? = 0
configure:7023: result: yes
configure:7023: checking for inttypes.h
configure:7023: gcc -c -g -O2  conftest.c >&5
configure:7023: $? = 0
configure:7023: result: yes
configure:7023: checking for stdint.h
configure:7023: gcc -c -g -O2  conftest.c >&5
configure:7023: $? = 0
configure:7023: result: yes
configure:7023: checking for unistd.h
configure:7023: gcc -c -g -O2  conftest.c >&5
configure:7023: $? = 0
configure:7023: result: yes
configure:7037: checking for dlfcn.h
configure:7037: gcc -c -g -O2  conftest.c >&5
configure:7037: $? = 0
configure:7037: result: yes
configure:7221: checking for objdir
configure:7236: result: .libs
configure:7532: checking if gcc supports -fno-rtti -fno-exceptions
configure:7550: gcc -c -g -O2  -fno-rtti -fno-exceptions conftest.c >&5
cc1: warning: command line option '-fno-rtti' is valid for C++/ObjC++ but not for C [enabled by default]
configure:7554: $? = 0
configure:7567: result: no
configure:7587: checking for gcc option to produce PIC
configure:7859: result: -fPIC -DPIC
configure:7871: checking if gcc PIC flag -fPIC -DPIC works
configure:7889: gcc -c -g -O2  -fPIC -DPIC -DPIC conftest.c >&5
configure:7893: $? = 0
configure:7906: result: yes
configure:7930: checking if gcc static flag -static works
configure:7958: result: yes
configure:7973: checking if gcc supports -c -o file.o
configure:7994: gcc -c -g -O2  -o out/conftest2.o conftest.c >&5
configure:7998: $? = 0
configure:8020: result: yes
configure:8028: checking if gcc supports -c -o file.o
configure:8075: result: yes
configure:8108: checking whether the gcc linker (/usr/bin/ld) supports shared libraries
configure:9095: result: yes
configure:9132: checking whether -lc should be explicitly linked in
configure:9137: gcc -c -g -O2  conftest.c >&5
configure:9140: $? = 0
configure:9155: gcc -shared conftest.o  -v -Wl,-soname -Wl,conftest -o conftest 2\>\&1 \| /bin/grep  -lc  \>/dev/null 2\>\&1
configure:9158: $? = 0
configure:9170: result: no
configure:9334: checking dynamic linker characteristics
configure:9985: result: no
configure:10087: checking how to hardcode library paths into programs
configure:10112: result: immediate
configure:10632: checking whether stripping libraries is possible
configure:10637: result: yes
configure:10672: checking if libtool supports shared libraries
configure:10674: result: no
configure:10677: checking whether to build shared libraries
configure:10698: result: no
configure:10701: checking whether to build static libraries
configure:10705: result: yes
configure:10748: checking for special C compiler options needed for large files
configure:10793: result: no
configure:10799: checking for _FILE_OFFSET_BITS value needed for large files
configure:10824: gcc -c -g -O2  conftest.c >&5
configure:10824: $? = 0
configure:10856: result: no
configure:10948: checking PKG_CONFIG_PATH
configure:10951: result: empty
configure:10960: checking for pkg-config
configure:10978: found /usr/bin/pkg-config
configure:10991: result: /usr/bin/pkg-config
configure:11150: checking for po/Makevars requiring hack
configure:11157: result: no
configure:11177: checking whether NLS is requested
configure:11186: result: yes
configure:11224: checking for msgfmt
configure:11258: result: no
configure:11264: checking for gmsgfmt
configure:11295: result: :
configure:11335: checking for xgettext
configure:11369: result: no
configure:11406: checking for msgmerge
configure:11439: result: no
configure:11511: checking for ld used by GCC
configure:11575: result: /usr/bin/ld
configure:11582: checking if the linker (/usr/bin/ld) is GNU ld
configure:11595: result: yes
configure:11601: checking for shared library run path origin
configure:11614: result: done
configure:12030: checking whether NLS is requested
configure:12039: result: yes
configure:12057: checking for GNU gettext in libc
configure:12076: gcc -o conftest -g -O2   conftest.c  >&5
configure:12076: $? = 0
configure:12084: result: yes
configure:12664: checking whether to use NLS
configure:12666: result: yes
configure:12669: checking where the gettext function comes from
configure:12680: result: libc
configure:12771: checking for msgfmt
configure:12805: result: no
configure:12811: checking for gmsgfmt
configure:12842: result: :
configure:12882: checking for xgettext
configure:12916: result: no
configure:12953: checking for msgmerge
configure:12986: result: no
configure:13048: checking for iconv
configure:13070: gcc -o conftest -g -O2   conftest.c  >&5
configure:13070: $? = 0
configure:13102: result: yes
configure:13123: checking for iconv declaration
configure:13152: gcc -c -g -O2  conftest.c >&5
configure:13152: $? = 0
configure:13163: result: 
         extern size_t iconv (iconv_t cd, char * *inbuf, size_t *inbytesleft, char * *outbuf, size_t *outbytesleft);
configure:13208: checking for dynamic library extension
configure:13221: result: .so
configure:13225: WARNING:
Host system "x86_64-pc-none" not recognized, defaulting to ".so".

configure:13244: checking for x86_64-pkg-config
configure:13274: result: /usr/bin/pkg-config
configure:13342: checking pkg-config is at least version 0.9.0
configure:13345: result: yes
configure:13362: checking for libgphoto2 to use
configure:13380: result: autodetect
configure:13389: checking for LIBGPHOTO2
configure:13396: $PKG_CONFIG --exists --print-errors "libgphoto2 >= 2.4.11"
Package libgphoto2 was not found in the pkg-config search path.
Perhaps you should add the directory containing `libgphoto2.pc'
to the PKG_CONFIG_PATH environment variable
No package 'libgphoto2' found
configure:13399: $? = 1
configure:13412: $PKG_CONFIG --exists --print-errors "libgphoto2 >= 2.4.11"
Package libgphoto2 was not found in the pkg-config search path.
Perhaps you should add the directory containing `libgphoto2.pc'
to the PKG_CONFIG_PATH environment variable
No package 'libgphoto2' found
configure:13415: $? = 1
configure:13428: result: no
No package 'libgphoto2' found
configure:13460: checking libgphoto2 config program
configure:13462: result: gphoto2-config
configure:13466: checking for gphoto2-config
configure:13499: result: no
configure:13612: error: 
PKG_CONFIG_PATH=
LIBGPHOTO2_LIBS=
LIBGPHOTO2_CFLAGS=

* Fatal: gphoto2 command line interface requires libgphoto2 >= 2.4.11 to build.
*
* Possible solutions:
*   - set PKG_CONFIG_PATH to adequate value
*   - call configure with LIBGPHOTO2_LIBS=.. and LIBGPHOTO2_CFLAGS=..
*   - call configure with one of the --with-libgphoto2 parameters
*   - get libgphoto2 and install it:
      

## ---------------- ##
## Cache variables. ##
## ---------------- ##

ac_cv_build=i586-pc-none
ac_cv_c_compiler_gnu=yes
ac_cv_env_CC_set=
ac_cv_env_CC_value=
ac_cv_env_CFLAGS_set=
ac_cv_env_CFLAGS_value=
ac_cv_env_CPPFLAGS_set=
ac_cv_env_CPPFLAGS_value=
ac_cv_env_CPP_set=
ac_cv_env_CPP_value=
ac_cv_env_LDFLAGS_set=
ac_cv_env_LDFLAGS_value=
ac_cv_env_LIBEXIF_CFLAGS_set=
ac_cv_env_LIBEXIF_CFLAGS_value=
ac_cv_env_LIBEXIF_LIBS_set=
ac_cv_env_LIBEXIF_LIBS_value=
ac_cv_env_LIBGPHOTO2_CFLAGS_set=
ac_cv_env_LIBGPHOTO2_CFLAGS_value=
ac_cv_env_LIBGPHOTO2_LIBS_set=
ac_cv_env_LIBGPHOTO2_LIBS_value=
ac_cv_env_LIBS_set=
ac_cv_env_LIBS_value=
ac_cv_env_PKG_CONFIG_LIBDIR_set=
ac_cv_env_PKG_CONFIG_LIBDIR_value=
ac_cv_env_PKG_CONFIG_PATH_set=
ac_cv_env_PKG_CONFIG_PATH_value=
ac_cv_env_PKG_CONFIG_set=
ac_cv_env_PKG_CONFIG_value=
ac_cv_env_POPT_CFLAGS_set=
ac_cv_env_POPT_CFLAGS_value=
ac_cv_env_POPT_LIBS_set=
ac_cv_env_POPT_LIBS_value=
ac_cv_env_build_alias_set=set
ac_cv_env_build_alias_value=i586
ac_cv_env_host_alias_set=set
ac_cv_env_host_alias_value=x86_64
ac_cv_env_target_alias_set=set
ac_cv_env_target_alias_value=i586
ac_cv_header_dlfcn_h=yes
ac_cv_header_inttypes_h=yes
ac_cv_header_memory_h=yes
ac_cv_header_stdc=yes
ac_cv_header_stdint_h=yes
ac_cv_header_stdlib_h=yes
ac_cv_header_string_h=yes
ac_cv_header_strings_h=yes
ac_cv_header_sys_stat_h=yes
ac_cv_header_sys_types_h=yes
ac_cv_header_unistd_h=yes
ac_cv_host=x86_64-pc-none
ac_cv_objext=o
ac_cv_path_EGREP='/bin/grep -E'
ac_cv_path_FGREP='/bin/grep -F'
ac_cv_path_GMSGFMT=:
ac_cv_path_GREP=/bin/grep
ac_cv_path_MSGFMT=:
ac_cv_path_MSGMERGE=:
ac_cv_path_PKG_CONFIG=/usr/bin/pkg-config
ac_cv_path_SED=/bin/sed
ac_cv_path_XGETTEXT=:
ac_cv_path_install='/usr/bin/install -c'
ac_cv_path_mkdir=/bin/mkdir
ac_cv_prog_AWK=gawk
ac_cv_prog_CPP='gcc -E'
ac_cv_prog_STRIP=strip
ac_cv_prog_ac_ct_AR=ar
ac_cv_prog_ac_ct_CC=gcc
ac_cv_prog_ac_ct_DUMPBIN='link -dump -symbols'
ac_cv_prog_ac_ct_OBJDUMP=objdump
ac_cv_prog_ac_ct_RANLIB=ranlib
ac_cv_prog_ac_ct_STRIP=strip
ac_cv_prog_cc_c89=
ac_cv_prog_cc_g=yes
ac_cv_prog_cc_gcc_c_o=yes
ac_cv_prog_make_make_set=yes
ac_cv_sys_file_offset_bits=no
ac_cv_sys_largefile_CC=no
acl_cv_hardcode_direct=no
acl_cv_hardcode_libdir_flag_spec='${wl}-rpath ${wl}$libdir'
acl_cv_hardcode_libdir_separator=
acl_cv_hardcode_minus_L=no
acl_cv_libext=a
acl_cv_path_LD=/usr/bin/ld
acl_cv_prog_gnu_ld=yes
acl_cv_rpath=done
acl_cv_shlibext=so
acl_cv_wl=-Wl,
am_cv_CC_dependencies_compiler_type=gcc3
am_cv_func_iconv=yes
am_cv_lib_iconv=no
am_cv_proto_iconv='extern size_t iconv (iconv_t cd, char * *inbuf, size_t *inbytesleft, char * *outbuf, size_t *outbytesleft);'
am_cv_proto_iconv_arg1=
gt_cv_func_gnugettext1_libc=yes
lt_cv_deplibs_check_method=unknown
lt_cv_file_magic_cmd='$MAGIC_CMD'
lt_cv_file_magic_test_file=
lt_cv_ld_reload_flag=-r
lt_cv_nm_interface='BSD nm'
lt_cv_objdir=.libs
lt_cv_path_LD=/usr/bin/ld
lt_cv_path_NM=no
lt_cv_prog_compiler_c_o=yes
lt_cv_prog_compiler_pic_works=yes
lt_cv_prog_compiler_rtti_exceptions=no
lt_cv_prog_compiler_static_works=yes
lt_cv_prog_gnu_ld=yes
lt_cv_sys_global_symbol_pipe=
lt_cv_sys_global_symbol_to_c_name_address='sed -n -e '\''s/^: \([^ ]*\) $/  {\"\1\", (void *) 0},/p'\'' -e '\''s/^[BCDEGRST]* \([^ ]*\) \([^ ]*\)$/  {"\2", (void *) \&\2},/p'\'''
lt_cv_sys_global_symbol_to_c_name_address_lib_prefix='sed -n -e '\''s/^: \([^ ]*\) $/  {\"\1\", (void *) 0},/p'\'' -e '\''s/^[BCDEGRST]* \([^ ]*\) \(lib[^ ]*\)$/  {"\2", (void *) \&\2},/p'\'' -e '\''s/^[BCDEGRST]* \([^ ]*\) \([^ ]*\)$/  {"lib\2", (void *) \&\2},/p'\'''
lt_cv_sys_global_symbol_to_cdecl=
lt_cv_sys_max_cmd_len=1572864

## ----------------- ##
## Output variables. ##
## ----------------- ##

AALIB_CONFIG=''
AA_CFLAGS=''
AA_LIBS=''
ACLOCAL='${SHELL} /home/byoakum/galileo/meta-clanton_v1.1.0-dirty/meta-elabs/recipes-graphics/gphoto2/gphoto2-2.4.11/gphoto2-2.4.11/auto-aux/missing --run aclocal-1.11'
AMDEPBACKSLASH='\'
AMDEP_FALSE='#'
AMDEP_TRUE=''
AMTAR='${SHELL} /home/byoakum/galileo/meta-clanton_v1.1.0-dirty/meta-elabs/recipes-graphics/gphoto2/gphoto2-2.4.11/gphoto2-2.4.11/auto-aux/missing --run tar'
AM_CPPFLAGS=' -I$(top_srcdir) -I$(top_srcdir)/gphoto2 -DLOCALEDIR=\"$(datadir)/locale\"'
AM_LDFLAGS=''
AR='ar'
AUTOCONF='${SHELL} /home/byoakum/galileo/meta-clanton_v1.1.0-dirty/meta-elabs/recipes-graphics/gphoto2/gphoto2-2.4.11/gphoto2-2.4.11/auto-aux/missing --run autoconf'
AUTOHEADER='${SHELL} /home/byoakum/galileo/meta-clanton_v1.1.0-dirty/meta-elabs/recipes-graphics/gphoto2/gphoto2-2.4.11/gphoto2-2.4.11/auto-aux/missing --run autoheader'
AUTOMAKE='${SHELL} /home/byoakum/galileo/meta-clanton_v1.1.0-dirty/meta-elabs/recipes-graphics/gphoto2/gphoto2-2.4.11/gphoto2-2.4.11/auto-aux/missing --run automake-1.11'
AWK='gawk'
CC='gcc'
CCDEPMODE='depmode=gcc3'
CDK_CFLAGS=''
CDK_LIBS=''
CFLAGS='-g -O2'
CPP='gcc -E'
CPPFLAGS=''
CYGPATH_W='echo'
DEFS=''
DEPDIR='.deps'
DSYMUTIL=''
DUMPBIN='link -dump -symbols'
ECHO_C=''
ECHO_N='-n'
ECHO_T=''
EGREP='/bin/grep -E'
EXEEXT=''
FGREP='/bin/grep -F'
GETTEXT_PACKAGE='gphoto2'
GMSGFMT=':'
GREP='/bin/grep'
HAVE_AA_FALSE=''
HAVE_AA_TRUE=''
HAVE_CDK_FALSE=''
HAVE_CDK_TRUE=''
HAVE_JPEG_FALSE=''
HAVE_JPEG_TRUE=''
HAVE_LIBEXIF_FALSE=''
HAVE_LIBEXIF_TRUE=''
HAVE_LIBGPHOTO2_FALSE=''
HAVE_LIBGPHOTO2_TRUE=''
HAVE_POPT_FALSE=''
HAVE_POPT_TRUE=''
HAVE_RL_FALSE=''
HAVE_RL_TRUE=''
INSTALL_DATA='${INSTALL} -m 644'
INSTALL_PROGRAM='${INSTALL}'
INSTALL_SCRIPT='${INSTALL}'
INSTALL_STRIP_PROGRAM='$(install_sh) -c -s'
INTLLIBS=''
JPEG_CFLAGS=''
JPEG_LIBS=''
LD='/usr/bin/ld'
LDFLAGS=''
LIBEXIF_CFLAGS=''
LIBEXIF_CONFIG_PROG=''
LIBEXIF_LIBS=''
LIBGPHOTO2_CFLAGS=''
LIBGPHOTO2_CONFIG_PROG=''
LIBGPHOTO2_LIBS=''
LIBICONV=''
LIBINTL=''
LIBOBJS=''
LIBS=''
LIBTOOL='$(SHELL) $(top_builddir)/libtool'
LIPO=''
LN_S='ln -s'
LTLIBICONV=''
LTLIBINTL=''
LTLIBOBJS=''
MAIL_GPHOTO_DEVEL='<gphoto-devel@lists.sourceforge.net>'
MAIL_GPHOTO_TRANSLATION='<gphoto-translation@lists.sourceforge.net>'
MAIL_GPHOTO_USER='<gphoto-user@lists.sourceforge.net>'
MAKEINFO='${SHELL} /home/byoakum/galileo/meta-clanton_v1.1.0-dirty/meta-elabs/recipes-graphics/gphoto2/gphoto2-2.4.11/gphoto2-2.4.11/auto-aux/missing --run makeinfo'
MKDIR_P='/bin/mkdir -p'
MKINSTALLDIRS='$(top_builddir)/auto-aux/mkinstalldirs'
MSGFMT=':'
MSGMERGE=':'
NM='link -dump -symbols'
NMEDIT=''
OBJDUMP='objdump'
OBJEXT='o'
OTOOL64=''
OTOOL=''
PACKAGE='gphoto2'
PACKAGE_BUGREPORT='gphoto-devel@lists.sourceforge.net'
PACKAGE_NAME='gphoto2 command line interface'
PACKAGE_STRING='gphoto2 command line interface 2.4.11'
PACKAGE_TARNAME='gphoto2'
PACKAGE_URL=''
PACKAGE_VERSION='2.4.11'
PATH_SEPARATOR=':'
PKG_CONFIG='/usr/bin/pkg-config'
PKG_CONFIG_LIBDIR=''
PKG_CONFIG_PATH=''
POPT_CFLAGS=''
POPT_LIBS=''
POSUB='po'
PTHREAD_LIBS=''
RANLIB='ranlib'
REQUIREMENTS_FOR_LIBEXIF=''
REQUIREMENTS_FOR_LIBGPHOTO2='libgphoto2 >= 2.4.11'
RL_CFLAGS=''
RL_LIBS=''
SED='/bin/sed'
SET_MAKE=''
SHELL='/bin/bash'
STRIP='strip'
URL_DIGICAM_LIST='http://www.teaser.fr/~hfiguiere/linux/digicam.html'
URL_GPHOTO_HOME='http://www.gphoto.org/'
URL_GPHOTO_PROJECT='http://sourceforge.net/projects/gphoto'
URL_JPHOTO_HOME='http://jphoto.sourceforge.net/'
URL_USB_MASSSTORAGE='http://www.linux-usb.org/USB-guide/x498.html'
USE_NLS='yes'
VERSION='2.4.11'
XGETTEXT=':'
ac_ct_CC='gcc'
ac_ct_DUMPBIN='link -dump -symbols'
am__EXEEXT_FALSE=''
am__EXEEXT_TRUE=''
am__fastdepCC_FALSE='#'
am__fastdepCC_TRUE=''
am__include='include'
am__isrc=''
am__leading_dot='.'
am__quote=''
am__tar='${AMTAR} chof - "$$tardir"'
am__untar='${AMTAR} xf -'
bindir='${exec_prefix}/bin'
build='i586-pc-none'
build_alias='i586'
build_cpu='i586'
build_os='none'
build_vendor='pc'
datadir='${datarootdir}'
datarootdir='${prefix}/share'
docdir='${datarootdir}/doc/${PACKAGE_TARNAME}'
dvidir='${docdir}'
exec_prefix='NONE'
host='x86_64-pc-none'
host_alias='x86_64'
host_cpu='x86_64'
host_os='none'
host_vendor='pc'
htmldir='${docdir}'
includedir='${prefix}/include'
infodir='${datarootdir}/info'
install_sh='${SHELL} /home/byoakum/galileo/meta-clanton_v1.1.0-dirty/meta-elabs/recipes-graphics/gphoto2/gphoto2-2.4.11/gphoto2-2.4.11/auto-aux/install-sh'
libdir='${exec_prefix}/lib'
libexecdir='${exec_prefix}/libexec'
localedir='$(datadir)/locale'
localstatedir='${prefix}/var'
lt_ECHO='echo'
mandir='${datarootdir}/man'
mkdir_p='/bin/mkdir -p'
oldincludedir='/usr/include'
pdfdir='${docdir}'
prefix='NONE'
program_transform_name='s,x,x,'
psdir='${docdir}'
sbindir='${exec_prefix}/sbin'
sharedstatedir='${prefix}/com'
sysconfdir='${prefix}/etc'
target_alias='i586'

## ----------- ##
## confdefs.h. ##
## ----------- ##

/* confdefs.h */
#define PACKAGE_NAME "gphoto2 command line interface"
#define PACKAGE_TARNAME "gphoto2"
#define PACKAGE_VERSION "2.4.11"
#define PACKAGE_STRING "gphoto2 command line interface 2.4.11"
#define PACKAGE_BUGREPORT "gphoto-devel@lists.sourceforge.net"
#define PACKAGE_URL ""
#define PACKAGE "gphoto2"
#define VERSION "2.4.11"
#define STDC_HEADERS 1
#define HAVE_SYS_TYPES_H 1
#define HAVE_SYS_STAT_H 1
#define HAVE_STDLIB_H 1
#define HAVE_STRING_H 1
#define HAVE_MEMORY_H 1
#define HAVE_STRINGS_H 1
#define HAVE_INTTYPES_H 1
#define HAVE_STDINT_H 1
#define HAVE_UNISTD_H 1
#define HAVE_DLFCN_H 1
#define LT_OBJDIR ".libs/"
#define HAVE_CC "gcc"
#define URL_GPHOTO_HOME "http://www.gphoto.org/"
#define URL_GPHOTO_PROJECT "http://sourceforge.net/projects/gphoto"
#define URL_DIGICAM_LIST "http://www.teaser.fr/~hfiguiere/linux/digicam.html"
#define URL_JPHOTO_HOME "http://jphoto.sourceforge.net/"
#define URL_USB_MASSSTORAGE "http://www.linux-usb.org/USB-guide/x498.html"
#define MAIL_GPHOTO_DEVEL "<gphoto-devel@lists.sourceforge.net>"
#define MAIL_GPHOTO_USER "<gphoto-user@lists.sourceforge.net>"
#define MAIL_GPHOTO_TRANSLATION "<gphoto-translation@lists.sourceforge.net>"
#define GETTEXT_PACKAGE "gphoto2"
#define ENABLE_NLS 1
#define HAVE_GETTEXT 1
#define HAVE_DCGETTEXT 1
#define HAVE_ICONV 1
#define ICONV_CONST 

configure: exit 1
